<?xml version="1.0" encoding="UTF-8"?>
<!-- Generated by org.testng.reporters.JUnitReportReporter -->
<testsuite skipped="0" hostname="TYSS_MQAS" name="com.autodesk.crm.campaigntest.CampaignTest" tests="2" failures="0" timestamp="2019-12-12T14:06:49 IST" time="0.024" errors="0">
  <testcase name="modifyCampaignTest" time="0.000" classname="com.autodesk.crm.campaigntest.CampaignTest"/>
  <testcase name="createCampaignTest" time="0.024" classname="com.autodesk.crm.campaigntest.CampaignTest"/>
</testsuite> <!-- com.autodesk.crm.campaigntest.CampaignTest -->
