<?xml version="1.0" encoding="UTF-8"?>
<!-- Generated by org.testng.reporters.JUnitReportReporter -->
<testsuite skipped="0" hostname="BlackCoffee" name="com.autodesk.crm.campaigntest.LeadTest" tests="1" failures="0" timestamp="2019-12-12T16:14:03 IST" time="10.946" errors="0">
  <testcase name="createLead" time="10.946" classname="com.autodesk.crm.campaigntest.LeadTest"/>
</testsuite> <!-- com.autodesk.crm.campaigntest.LeadTest -->
