<?xml version="1.0" encoding="UTF-8"?>
<!-- Generated by org.testng.reporters.JUnitReportReporter -->
<testsuite skipped="0" hostname="BlackCoffee" name="com.autodesk.crm.campaigntest.LeadTest" tests="1" failures="0" timestamp="2019-12-13T01:44:15 IST" time="59.702" errors="0">
  <testcase name="createLead" time="59.702" classname="com.autodesk.crm.campaigntest.LeadTest"/>
</testsuite> <!-- com.autodesk.crm.campaigntest.LeadTest -->
